<?xml version="1.0" encoding="UTF-8"?>
<testng-results ignored="0" total="1" passed="1" failed="0" skipped="0">
  <reporter-output>
  </reporter-output>
  <suite started-at="2022-07-12T15:53:39 IST" name="Default suite" finished-at="2022-07-12T15:53:39 IST" duration-ms="118">
    <groups>
    </groups>
    <test started-at="2022-07-12T15:53:39 IST" name="Default test" finished-at="2022-07-12T15:53:39 IST" duration-ms="118">
      <class name="org.patient.appointment.TestNGPractice">
        <test-method signature="practice()[pri:0, instance:org.patient.appointment.TestNGPractice@4b8ee4de]" started-at="2022-07-12T15:53:39 IST" name="practice" finished-at="2022-07-12T15:53:39 IST" duration-ms="17" status="PASS">
          <reporter-output>
          </reporter-output>
        </test-method> <!-- practice -->
      </class> <!-- org.patient.appointment.TestNGPractice -->
    </test> <!-- Default test -->
  </suite> <!-- Default suite -->
</testng-results>
